Running: C:\Xilinx\14.7\ISE_DS\ISE\bin\nt64\unwrapped\fuse.exe -intstyle ise -incremental -o C:/Users/CBAS/Desktop/UTP/Laboratorio de electronica/EJERCICIOS/XILINX PROYECTOS 20152 NOVIEMBRE 07/Procesador2/tb_procesador2_isim_beh.exe -prj C:/Users/CBAS/Desktop/UTP/Laboratorio de electronica/EJERCICIOS/XILINX PROYECTOS 20152 NOVIEMBRE 07/Procesador2/tb_procesador2_beh.prj tb_procesador2 
ISim P.20131013 (signature 0x7708f090)
Number of CPUs detected in this system: 2
Turning on mult-threading, number of parallel sub-compilation jobs: 4 
Determining compilation order of HDL files
Parsing VHDL file "C:/Users/CBAS/Desktop/UTP/Laboratorio de electronica/EJERCICIOS/XILINX PROYECTOS 20152 NOVIEMBRE 07/Procesador2/../ProcesadorMonociclo/UC.vhd" into library work
Parsing VHDL file "C:/Users/CBAS/Desktop/UTP/Laboratorio de electronica/EJERCICIOS/XILINX PROYECTOS 20152 NOVIEMBRE 07/Procesador2/../ProcesadorMonociclo/RF.vhd" into library work
Parsing VHDL file "C:/Users/CBAS/Desktop/UTP/Laboratorio de electronica/EJERCICIOS/XILINX PROYECTOS 20152 NOVIEMBRE 07/Procesador2/../ProcesadorMonociclo/nPC.vhd" into library work
Parsing VHDL file "C:/Users/CBAS/Desktop/UTP/Laboratorio de electronica/EJERCICIOS/XILINX PROYECTOS 20152 NOVIEMBRE 07/Procesador2/../ProcesadorMonociclo/IM.vhd" into library work
Parsing VHDL file "C:/Users/CBAS/Desktop/UTP/Laboratorio de electronica/EJERCICIOS/XILINX PROYECTOS 20152 NOVIEMBRE 07/Procesador2/../ProcesadorMonociclo/ALU.vhd" into library work
Parsing VHDL file "C:/Users/CBAS/Desktop/UTP/Laboratorio de electronica/EJERCICIOS/XILINX PROYECTOS 20152 NOVIEMBRE 07/Procesador2/../ProcesadorMonociclo/ADDER.vhd" into library work
Parsing VHDL file "C:/Users/CBAS/Desktop/UTP/Laboratorio de electronica/EJERCICIOS/XILINX PROYECTOS 20152 NOVIEMBRE 07/Procesador2/SEU.vhd" into library work
Parsing VHDL file "C:/Users/CBAS/Desktop/UTP/Laboratorio de electronica/EJERCICIOS/XILINX PROYECTOS 20152 NOVIEMBRE 07/Procesador2/Multiplexor.vhd" into library work
Parsing VHDL file "C:/Users/CBAS/Desktop/UTP/Laboratorio de electronica/EJERCICIOS/XILINX PROYECTOS 20152 NOVIEMBRE 07/Procesador2/ProcesadorIMM.vhd" into library work
Parsing VHDL file "C:/Users/CBAS/Desktop/UTP/Laboratorio de electronica/EJERCICIOS/XILINX PROYECTOS 20152 NOVIEMBRE 07/Procesador2/tb_procesador2.vhd" into library work
Starting static elaboration
Completed static elaboration
Compiling package standard
Compiling package std_logic_1164
Compiling package std_logic_arith
Compiling package std_logic_unsigned
Compiling package textio
Compiling architecture arq_adder of entity ADDER [adder_default]
Compiling architecture arq_npc of entity nPC [npc_default]
Compiling architecture arqinstructionmemory of entity instructionMemory [instructionmemory_default]
Compiling architecture behavioral of entity UC [uc_default]
Compiling architecture behavioral of entity RF [rf_default]
Compiling architecture behavioral of entity SEU [seu_default]
Compiling architecture behavioral of entity Multiplexor [multiplexor_default]
Compiling architecture behavioral of entity ALU [alu_default]
Compiling architecture arq_procesadorimm of entity ProcesadorIMM [procesadorimm_default]
Compiling architecture behavior of entity tb_procesador2
Time Resolution for simulation is 1ps.
Waiting for 11 sub-compilation(s) to finish...
Compiled 24 VHDL Units
Built simulation executable C:/Users/CBAS/Desktop/UTP/Laboratorio de electronica/EJERCICIOS/XILINX PROYECTOS 20152 NOVIEMBRE 07/Procesador2/tb_procesador2_isim_beh.exe
Fuse Memory Usage: 33896 KB
Fuse CPU Usage: 827 ms
