ISim log file
Running: C:\Users\CBAS\Desktop\UTP\Laboratorio de electronica\EJERCICIOS\XILINX PROYECTOS 20152 NOVIEMBRE 07\Procesador3\tb_procesador3_isim_beh.exe -intstyle ise -gui -tclbatch isim.cmd -wdb C:/Users/CBAS/Desktop/UTP/Laboratorio de electronica/EJERCICIOS/XILINX PROYECTOS 20152 NOVIEMBRE 07/Procesador3/tb_procesador3_isim_beh.wdb 
ISim P.20131013 (signature 0x7708f090)
WARNING: A WEBPACK license was found.
WARNING: Please use Xilinx License Configuration Manager to check out a full ISim license.
WARNING: ISim will run in Lite mode. Please refer to the ISim documentation for more information on the differences between the Lite and the Full version.
This is a Lite version of ISim.
Time resolution is 1 ps
# onerror resume
# wave add /
# run 1000 ns
Simulator is doing circuit initialization process.
at 0 ps, Instance /tb_procesador3/uut/Inst_ADDER/ : Warning: There is an 'U'|'X'|'W'|'Z'|'-' in an arithmetic operand, the result will be 'X'(es).
at 0 ps, Instance /tb_procesador3/uut/Inst_instructionMemory/ : Warning: CONV_INTEGER: There is an 'U'|'X'|'W'|'Z'|'-' in an arithmetic operand, and it has been converted to 0.
at 0 ps, Instance /tb_procesador3/uut/Inst_RF/ : Warning: CONV_INTEGER: There is an 'U'|'X'|'W'|'Z'|'-' in an arithmetic operand, and it has been converted to 0.
at 0 ps, Instance /tb_procesador3/uut/Inst_RF/ : Warning: CONV_INTEGER: There is an 'U'|'X'|'W'|'Z'|'-' in an arithmetic operand, and it has been converted to 0.
at 0 ps, Instance /tb_procesador3/uut/Inst_RF/ : Warning: CONV_INTEGER: There is an 'U'|'X'|'W'|'Z'|'-' in an arithmetic operand, and it has been converted to 0.
Finished circuit initialization process.
at 5 ns(2), Instance /tb_procesador3/uut/Inst_instructionMemory/ : Warning: CONV_INTEGER: There is an 'U'|'X'|'W'|'Z'|'-' in an arithmetic operand, and it has been converted to 0.
# run 100ns
# isim force add /tb_procesador3/reset 1 -radix bin
ISim P.20131013 (signature 0x7708f090)
WARNING: A WEBPACK license was found.
WARNING: Please use Xilinx License Configuration Manager to check out a full ISim license.
WARNING: ISim will run in Lite mode. Please refer to the ISim documentation for more information on the differences between the Lite and the Full version.
This is a Lite version of ISim.
# run 1000 ns
Simulator is doing circuit initialization process.
at 0 ps, Instance /tb_procesador3/uut/Inst_ADDER/ : Warning: There is an 'U'|'X'|'W'|'Z'|'-' in an arithmetic operand, the result will be 'X'(es).
at 0 ps, Instance /tb_procesador3/uut/Inst_instructionMemory/ : Warning: CONV_INTEGER: There is an 'U'|'X'|'W'|'Z'|'-' in an arithmetic operand, and it has been converted to 0.
at 0 ps, Instance /tb_procesador3/uut/Inst_RF/ : Warning: CONV_INTEGER: There is an 'U'|'X'|'W'|'Z'|'-' in an arithmetic operand, and it has been converted to 0.
at 0 ps, Instance /tb_procesador3/uut/Inst_RF/ : Warning: CONV_INTEGER: There is an 'U'|'X'|'W'|'Z'|'-' in an arithmetic operand, and it has been converted to 0.
at 0 ps, Instance /tb_procesador3/uut/Inst_RF/ : Warning: CONV_INTEGER: There is an 'U'|'X'|'W'|'Z'|'-' in an arithmetic operand, and it has been converted to 0.
Finished circuit initialization process.
at 5 ns(2), Instance /tb_procesador3/uut/Inst_instructionMemory/ : Warning: CONV_INTEGER: There is an 'U'|'X'|'W'|'Z'|'-' in an arithmetic operand, and it has been converted to 0.
