Running: C:\Xilinx\14.7\ISE_DS\ISE\bin\nt64\unwrapped\fuse.exe -intstyle ise -incremental -o C:/Users/CBAS/Desktop/UTP/Laboratorio de electronica/EJERCICIOS/XILINX PROYECTOS 20152 NOVIEMBRE 07/Procesador4/tb_procesador3_isim_beh.exe -prj C:/Users/CBAS/Desktop/UTP/Laboratorio de electronica/EJERCICIOS/XILINX PROYECTOS 20152 NOVIEMBRE 07/Procesador4/tb_procesador3_beh.prj tb_procesador3 
ISim P.20131013 (signature 0x7708f090)
Number of CPUs detected in this system: 2
Turning on mult-threading, number of parallel sub-compilation jobs: 4 
Determining compilation order of HDL files
Parsing VHDL file "C:/Users/CBAS/Desktop/UTP/Laboratorio de electronica/EJERCICIOS/XILINX PROYECTOS 20152 NOVIEMBRE 07/Procesador4/WindowsManager.vhd" into library work
Parsing VHDL file "C:/Users/CBAS/Desktop/UTP/Laboratorio de electronica/EJERCICIOS/XILINX PROYECTOS 20152 NOVIEMBRE 07/Procesador4/UC.vhd" into library work
Parsing VHDL file "C:/Users/CBAS/Desktop/UTP/Laboratorio de electronica/EJERCICIOS/XILINX PROYECTOS 20152 NOVIEMBRE 07/Procesador4/SEU.vhd" into library work
Parsing VHDL file "C:/Users/CBAS/Desktop/UTP/Laboratorio de electronica/EJERCICIOS/XILINX PROYECTOS 20152 NOVIEMBRE 07/Procesador4/RF.vhd" into library work
Parsing VHDL file "C:/Users/CBAS/Desktop/UTP/Laboratorio de electronica/EJERCICIOS/XILINX PROYECTOS 20152 NOVIEMBRE 07/Procesador4/PSRModifier.vhd" into library work
Parsing VHDL file "C:/Users/CBAS/Desktop/UTP/Laboratorio de electronica/EJERCICIOS/XILINX PROYECTOS 20152 NOVIEMBRE 07/Procesador4/PSR.vhd" into library work
Parsing VHDL file "C:/Users/CBAS/Desktop/UTP/Laboratorio de electronica/EJERCICIOS/XILINX PROYECTOS 20152 NOVIEMBRE 07/Procesador4/nPC.vhd" into library work
Parsing VHDL file "C:/Users/CBAS/Desktop/UTP/Laboratorio de electronica/EJERCICIOS/XILINX PROYECTOS 20152 NOVIEMBRE 07/Procesador4/Multiplexor.vhd" into library work
Parsing VHDL file "C:/Users/CBAS/Desktop/UTP/Laboratorio de electronica/EJERCICIOS/XILINX PROYECTOS 20152 NOVIEMBRE 07/Procesador4/IM.vhd" into library work
Parsing VHDL file "C:/Users/CBAS/Desktop/UTP/Laboratorio de electronica/EJERCICIOS/XILINX PROYECTOS 20152 NOVIEMBRE 07/Procesador4/ALU.vhd" into library work
Parsing VHDL file "C:/Users/CBAS/Desktop/UTP/Laboratorio de electronica/EJERCICIOS/XILINX PROYECTOS 20152 NOVIEMBRE 07/Procesador4/ADDER.vhd" into library work
Parsing VHDL file "C:/Users/CBAS/Desktop/UTP/Laboratorio de electronica/EJERCICIOS/XILINX PROYECTOS 20152 NOVIEMBRE 07/Procesador4/Procesador3.vhd" into library work
Parsing VHDL file "C:/Users/CBAS/Desktop/UTP/Laboratorio de electronica/EJERCICIOS/XILINX PROYECTOS 20152 NOVIEMBRE 07/Procesador4/../Procesador31/tb_procesador3.vhd" into library work
Starting static elaboration
ERROR:HDLCompiler:410 - "C:/Users/CBAS/Desktop/UTP/Laboratorio de electronica/EJERCICIOS/XILINX PROYECTOS 20152 NOVIEMBRE 07/Procesador4/Procesador3.vhd" Line 92: Expression has 6 elements ; expected 5
ERROR:HDLCompiler:410 - "C:/Users/CBAS/Desktop/UTP/Laboratorio de electronica/EJERCICIOS/XILINX PROYECTOS 20152 NOVIEMBRE 07/Procesador4/Procesador3.vhd" Line 93: Expression has 6 elements ; expected 5
ERROR:HDLCompiler:410 - "C:/Users/CBAS/Desktop/UTP/Laboratorio de electronica/EJERCICIOS/XILINX PROYECTOS 20152 NOVIEMBRE 07/Procesador4/Procesador3.vhd" Line 94: Expression has 6 elements ; expected 5
ERROR:Simulator:777 - Static elaboration of top level VHDL design unit tb_procesador3 in library work failed
