Command line:
   tb_procesador3_isim_beh.exe
     -simmode  gui
     -simrunnum  0
     -socket  51164

Mon Nov 07 12:52:35 2016


 Elaboration Time: 0.078125 sec

 Current Memory Usage: 845.791 Meg

 Total Signals          : 63
 Total Nets             : 2647
 Total Signal Drivers   : 14
 Total Blocks           : 17
 Total Primitive Blocks : 15
 Total Processes        : 13
 Total Traceable Variables  : 16
 Total Scalar Nets and Variables : 3149
Total Line Count : 103

 Total Simulation Time: 0.109375 sec

 Current Memory Usage: 688.505 Meg

Mon Nov 07 12:53:36 2016

